TN:
SF:src\chess.js
FN:13,initGame
FN:19,(anonymous_1)
FN:32,updateTurnIndicator
FN:38,getPosition
FN:46,getSquareAt
FN:52,isValidSquare
FN:56,getPieceType
FN:58,(anonymous_7)
FN:61,calculateValidMoves
FN:65,(anonymous_9)
FN:92,calculatePawnMoves
FN:134,(anonymous_11)
FN:154,(anonymous_12)
FN:166,calculateStraightLine
FN:167,(anonymous_14)
FN:187,calculateRookMoves
FN:197,calculateBishopMoves
FN:207,calculateQueenMoves
FN:212,calculateKnightMoves
FN:220,(anonymous_19)
FN:232,calculateKingMoves
FN:238,(anonymous_21)
FN:252,setResignedGrey
FN:253,(anonymous_23)
FN:259,skipResignedTurns
FN:271,setDraggablePieces
FN:273,(anonymous_26)
FN:276,(anonymous_27)
FN:291,(anonymous_28)
FN:296,(anonymous_29)
FN:300,(anonymous_30)
FN:306,(anonymous_31)
FN:336,(anonymous_32)
FN:345,(anonymous_33)
FN:347,(anonymous_34)
FN:358,enableDragAndDrop
FN:359,(anonymous_36)
FN:360,(anonymous_37)
FN:369,(anonymous_38)
FN:372,(anonymous_39)
FN:387,(anonymous_40)
FN:417,(anonymous_41)
FN:436,(anonymous_42)
FN:456,(anonymous_43)
FN:478,(anonymous_44)
FN:479,(anonymous_45)
FN:486,rotateBoardForNextPlayer
FN:492,(anonymous_47)
FN:501,updateCapturedPiecesDisplay
FN:505,(anonymous_49)
FN:514,(anonymous_50)
FN:516,(anonymous_51)
FN:525,(anonymous_52)
FNF:53
FNH:0
FNDA:0,initGame
FNDA:0,(anonymous_1)
FNDA:0,updateTurnIndicator
FNDA:0,getPosition
FNDA:0,getSquareAt
FNDA:0,isValidSquare
FNDA:0,getPieceType
FNDA:0,(anonymous_7)
FNDA:0,calculateValidMoves
FNDA:0,(anonymous_9)
FNDA:0,calculatePawnMoves
FNDA:0,(anonymous_11)
FNDA:0,(anonymous_12)
FNDA:0,calculateStraightLine
FNDA:0,(anonymous_14)
FNDA:0,calculateRookMoves
FNDA:0,calculateBishopMoves
FNDA:0,calculateQueenMoves
FNDA:0,calculateKnightMoves
FNDA:0,(anonymous_19)
FNDA:0,calculateKingMoves
FNDA:0,(anonymous_21)
FNDA:0,setResignedGrey
FNDA:0,(anonymous_23)
FNDA:0,skipResignedTurns
FNDA:0,setDraggablePieces
FNDA:0,(anonymous_26)
FNDA:0,(anonymous_27)
FNDA:0,(anonymous_28)
FNDA:0,(anonymous_29)
FNDA:0,(anonymous_30)
FNDA:0,(anonymous_31)
FNDA:0,(anonymous_32)
FNDA:0,(anonymous_33)
FNDA:0,(anonymous_34)
FNDA:0,enableDragAndDrop
FNDA:0,(anonymous_36)
FNDA:0,(anonymous_37)
FNDA:0,(anonymous_38)
FNDA:0,(anonymous_39)
FNDA:0,(anonymous_40)
FNDA:0,(anonymous_41)
FNDA:0,(anonymous_42)
FNDA:0,(anonymous_43)
FNDA:0,(anonymous_44)
FNDA:0,(anonymous_45)
FNDA:0,rotateBoardForNextPlayer
FNDA:0,(anonymous_47)
FNDA:0,updateCapturedPiecesDisplay
FNDA:0,(anonymous_49)
FNDA:0,(anonymous_50)
FNDA:0,(anonymous_51)
FNDA:0,(anonymous_52)
DA:2,0
DA:3,0
DA:4,0
DA:6,0
DA:15,0
DA:16,0
DA:19,0
DA:20,0
DA:24,0
DA:25,0
DA:28,0
DA:29,0
DA:30,0
DA:33,0
DA:34,0
DA:35,0
DA:39,0
DA:40,0
DA:47,0
DA:48,0
DA:49,0
DA:53,0
DA:57,0
DA:58,0
DA:62,0
DA:63,0
DA:64,0
DA:65,0
DA:66,0
DA:68,0
DA:70,0
DA:71,0
DA:73,0
DA:74,0
DA:76,0
DA:77,0
DA:79,0
DA:80,0
DA:82,0
DA:83,0
DA:85,0
DA:86,0
DA:89,0
DA:94,0
DA:95,0
DA:96,0
DA:97,0
DA:98,0
DA:102,0
DA:103,0
DA:104,0
DA:105,0
DA:108,0
DA:109,0
DA:110,0
DA:111,0
DA:112,0
DA:118,0
DA:119,0
DA:121,0
DA:122,0
DA:124,0
DA:125,0
DA:127,0
DA:128,0
DA:130,0
DA:131,0
DA:134,0
DA:135,0
DA:136,0
DA:137,0
DA:138,0
DA:139,0
DA:140,0
DA:146,0
DA:147,0
DA:148,0
DA:149,0
DA:150,0
DA:151,0
DA:152,0
DA:154,0
DA:155,0
DA:156,0
DA:157,0
DA:158,0
DA:159,0
DA:167,0
DA:168,0
DA:169,0
DA:170,0
DA:171,0
DA:173,0
DA:174,0
DA:175,0
DA:176,0
DA:178,0
DA:181,0
DA:182,0
DA:188,0
DA:194,0
DA:198,0
DA:204,0
DA:208,0
DA:209,0
DA:213,0
DA:220,0
DA:221,0
DA:222,0
DA:223,0
DA:224,0
DA:225,0
DA:226,0
DA:233,0
DA:238,0
DA:239,0
DA:240,0
DA:241,0
DA:242,0
DA:243,0
DA:244,0
DA:250,0
DA:253,0
DA:254,0
DA:255,0
DA:261,0
DA:262,0
DA:263,0
DA:264,0
DA:265,0
DA:266,0
DA:268,0
DA:272,0
DA:273,0
DA:275,0
DA:276,0
DA:277,0
DA:278,0
DA:280,0
DA:283,0
DA:284,0
DA:286,0
DA:291,0
DA:292,0
DA:293,0
DA:295,0
DA:296,0
DA:298,0
DA:300,0
DA:301,0
DA:302,0
DA:303,0
DA:304,0
DA:306,0
DA:307,0
DA:311,0
DA:312,0
DA:313,0
DA:314,0
DA:315,0
DA:316,0
DA:317,0
DA:318,0
DA:319,0
DA:320,0
DA:321,0
DA:324,0
DA:325,0
DA:326,0
DA:327,0
DA:328,0
DA:330,0
DA:331,0
DA:332,0
DA:333,0
DA:334,0
DA:335,0
DA:336,0
DA:337,0
DA:341,0
DA:342,0
DA:345,0
DA:346,0
DA:347,0
DA:348,0
DA:351,0
DA:352,0
DA:359,0
DA:360,0
DA:361,0
DA:362,0
DA:363,0
DA:365,0
DA:369,0
DA:370,0
DA:372,0
DA:373,0
DA:376,0
DA:378,0
DA:379,0
DA:380,0
DA:382,0
DA:384,0
DA:385,0
DA:387,0
DA:388,0
DA:391,0
DA:397,0
DA:400,0
DA:404,0
DA:407,0
DA:408,0
DA:411,0
DA:414,0
DA:416,0
DA:417,0
DA:418,0
DA:419,0
DA:423,0
DA:425,0
DA:426,0
DA:427,0
DA:428,0
DA:429,0
DA:432,0
DA:433,0
DA:435,0
DA:436,0
DA:437,0
DA:438,0
DA:439,0
DA:440,0
DA:441,0
DA:442,0
DA:443,0
DA:444,0
DA:449,0
DA:454,0
DA:456,0
DA:463,0
DA:465,0
DA:466,0
DA:467,0
DA:469,0
DA:472,0
DA:478,0
DA:479,0
DA:480,0
DA:482,0
DA:487,0
DA:488,0
DA:489,0
DA:492,0
DA:493,0
DA:497,0
DA:498,0
DA:502,0
DA:503,0
DA:504,0
DA:505,0
DA:506,0
DA:507,0
DA:508,0
DA:509,0
DA:514,0
DA:516,0
DA:517,0
DA:518,0
DA:520,0
DA:523,0
DA:524,0
DA:525,0
DA:526,0
DA:527,0
DA:528,0
DA:530,0
DA:531,0
DA:532,0
DA:533,0
DA:534,0
LF:280
LH:0
BRDA:47,0,0,0
BRDA:47,0,1,0
BRDA:47,1,0,0
BRDA:47,1,1,0
BRDA:47,1,2,0
BRDA:47,1,3,0
BRDA:53,2,0,0
BRDA:53,2,1,0
BRDA:68,3,0,0
BRDA:68,3,1,0
BRDA:68,3,2,0
BRDA:68,3,3,0
BRDA:68,3,4,0
BRDA:68,3,5,0
BRDA:94,4,0,0
BRDA:94,4,1,0
BRDA:94,4,2,0
BRDA:94,4,3,0
BRDA:104,5,0,0
BRDA:104,5,1,0
BRDA:104,6,0,0
BRDA:104,6,1,0
BRDA:108,7,0,0
BRDA:108,7,1,0
BRDA:108,8,0,0
BRDA:108,8,1,0
BRDA:111,9,0,0
BRDA:111,9,1,0
BRDA:111,10,0,0
BRDA:111,10,1,0
BRDA:119,11,0,0
BRDA:119,11,1,0
BRDA:119,11,2,0
BRDA:119,11,3,0
BRDA:137,12,0,0
BRDA:137,12,1,0
BRDA:139,13,0,0
BRDA:139,13,1,0
BRDA:139,14,0,0
BRDA:139,14,1,0
BRDA:146,15,0,0
BRDA:146,15,1,0
BRDA:146,16,0,0
BRDA:146,16,1,0
BRDA:146,16,2,0
BRDA:148,17,0,0
BRDA:148,17,1,0
BRDA:148,17,2,0
BRDA:148,17,3,0
BRDA:156,18,0,0
BRDA:156,18,1,0
BRDA:156,19,0,0
BRDA:156,19,1,0
BRDA:158,20,0,0
BRDA:158,20,1,0
BRDA:158,21,0,0
BRDA:158,21,1,0
BRDA:171,22,0,0
BRDA:171,22,1,0
BRDA:174,23,0,0
BRDA:174,23,1,0
BRDA:175,24,0,0
BRDA:175,24,1,0
BRDA:223,25,0,0
BRDA:223,25,1,0
BRDA:225,26,0,0
BRDA:225,26,1,0
BRDA:225,27,0,0
BRDA:225,27,1,0
BRDA:241,28,0,0
BRDA:241,28,1,0
BRDA:243,29,0,0
BRDA:243,29,1,0
BRDA:243,30,0,0
BRDA:243,30,1,0
BRDA:268,31,0,0
BRDA:268,31,1,0
BRDA:277,32,0,0
BRDA:277,32,1,0
BRDA:277,33,0,0
BRDA:277,33,1,0
BRDA:283,34,0,0
BRDA:283,34,1,0
BRDA:298,35,0,0
BRDA:298,35,1,0
BRDA:302,36,0,0
BRDA:302,36,1,0
BRDA:302,37,0,0
BRDA:302,37,1,0
BRDA:317,38,0,0
BRDA:317,38,1,0
BRDA:318,39,0,0
BRDA:318,39,1,0
BRDA:325,40,0,0
BRDA:325,40,1,0
BRDA:326,41,0,0
BRDA:326,41,1,0
BRDA:327,42,0,0
BRDA:327,42,1,0
BRDA:331,43,0,0
BRDA:331,43,1,0
BRDA:332,44,0,0
BRDA:332,44,1,0
BRDA:337,45,0,0
BRDA:337,45,1,0
BRDA:362,46,0,0
BRDA:362,46,1,0
BRDA:376,47,0,0
BRDA:376,47,1,0
BRDA:382,48,0,0
BRDA:382,48,1,0
BRDA:382,49,0,0
BRDA:382,49,1,0
BRDA:385,50,0,0
BRDA:385,50,1,0
BRDA:407,51,0,0
BRDA:407,51,1,0
BRDA:414,52,0,0
BRDA:414,52,1,0
BRDA:418,53,0,0
BRDA:418,53,1,0
BRDA:428,54,0,0
BRDA:428,54,1,0
BRDA:428,55,0,0
BRDA:428,55,1,0
BRDA:435,56,0,0
BRDA:435,56,1,0
BRDA:440,57,0,0
BRDA:440,57,1,0
BRDA:449,58,0,0
BRDA:449,58,1,0
BRDA:449,58,2,0
BRDA:524,59,0,0
BRDA:524,59,1,0
BRDA:526,60,0,0
BRDA:526,60,1,0
BRF:136
BRH:0
end_of_record
TN:
SF:src\chess960-logic.js
FN:13,generateChess960Position
FN:51,(anonymous_1)
FN:65,validateChess960Position
FN:76,(anonymous_3)
FN:88,(anonymous_4)
FN:103,(anonymous_5)
FN:126,generateTraditionalPosition
FNF:7
FNH:7
FNDA:352,generateChess960Position
FNDA:704,(anonymous_1)
FNDA:105,validateChess960Position
FNDA:840,(anonymous_3)
FNDA:840,(anonymous_4)
FNDA:840,(anonymous_5)
FNDA:2,generateTraditionalPosition
DA:14,352
DA:18,352
DA:19,352
DA:22,352
DA:23,352
DA:26,352
DA:27,352
DA:30,352
DA:31,352
DA:32,2816
DA:36,352
DA:37,352
DA:38,352
DA:41,352
DA:42,352
DA:43,352
DA:45,352
DA:46,352
DA:47,352
DA:51,704
DA:52,352
DA:53,352
DA:54,352
DA:56,352
DA:66,105
DA:69,105
DA:70,0
DA:71,0
DA:75,105
DA:76,105
DA:77,840
DA:80,105
DA:81,105
DA:82,105
DA:83,105
DA:84,105
DA:87,105
DA:88,105
DA:89,840
DA:92,105
DA:93,104
DA:94,104
DA:95,104
DA:96,1
DA:101,105
DA:102,105
DA:103,105
DA:104,840
DA:107,105
DA:108,104
DA:109,104
DA:110,104
DA:111,1
DA:115,105
DA:127,2
DA:131,1
DA:132,1
LF:57
LH:55
BRDA:32,0,0,2112
BRDA:32,0,1,704
BRDA:69,1,0,0
BRDA:69,1,1,105
BRDA:69,2,0,105
BRDA:69,2,1,105
BRDA:77,3,0,840
BRDA:77,3,1,525
BRDA:80,4,0,0
BRDA:80,4,1,105
BRDA:81,5,0,0
BRDA:81,5,1,105
BRDA:82,6,0,1
BRDA:82,6,1,104
BRDA:83,7,0,1
BRDA:83,7,1,104
BRDA:84,8,0,0
BRDA:84,8,1,105
BRDA:89,9,0,209
BRDA:89,9,1,631
BRDA:92,10,0,104
BRDA:92,10,1,1
BRDA:95,11,0,1
BRDA:95,11,1,103
BRDA:104,12,0,211
BRDA:104,12,1,629
BRDA:107,13,0,104
BRDA:107,13,1,1
BRDA:107,14,0,105
BRDA:107,14,1,104
BRDA:110,15,0,1
BRDA:110,15,1,103
BRDA:110,16,0,104
BRDA:110,16,1,103
BRDA:131,17,0,1
BRDA:131,17,1,0
BRDA:131,18,0,1
BRDA:131,18,1,1
BRF:38
BRH:33
end_of_record
